0 info it worked if it ends with ok
1 verbose cli [ '/home/codio/.nvm/v0.10.33/bin/node',
1 verbose cli   '/home/codio/.nvm/v0.10.33/bin/npm',
1 verbose cli   'install',
1 verbose cli   'genghisapp' ]
2 info using npm@1.4.28
3 info using node@v0.10.33
4 warn package.json fs@0.0.2 fs is also the name of a node core module.
5 warn package.json fs@0.0.2 No description
6 warn package.json fs@0.0.2 No repository field.
7 warn package.json fs@0.0.2 No README data
8 verbose cache add [ 'genghisapp', null ]
9 verbose cache add name=undefined spec="genghisapp" args=["genghisapp",null]
10 verbose parsed url { protocol: null,
10 verbose parsed url   slashes: null,
10 verbose parsed url   auth: null,
10 verbose parsed url   host: null,
10 verbose parsed url   port: null,
10 verbose parsed url   hostname: null,
10 verbose parsed url   hash: null,
10 verbose parsed url   search: null,
10 verbose parsed url   query: null,
10 verbose parsed url   pathname: 'genghisapp',
10 verbose parsed url   path: 'genghisapp',
10 verbose parsed url   href: 'genghisapp' }
11 silly lockFile 95e12da2-genghisapp genghisapp
12 verbose lock genghisapp /home/codio/.npm/95e12da2-genghisapp.lock
13 silly lockFile 95e12da2-genghisapp genghisapp
14 silly lockFile 95e12da2-genghisapp genghisapp
15 verbose addNamed [ 'genghisapp', '' ]
16 verbose addNamed [ null, '*' ]
17 silly lockFile 942a73d2-genghisapp genghisapp@
18 verbose lock genghisapp@ /home/codio/.npm/942a73d2-genghisapp.lock
19 silly addNameRange { name: 'genghisapp', range: '*', hasData: false }
20 verbose request where is /genghisapp
21 verbose request registry https://registry.npmjs.org/
22 verbose request id b0a4d9e3d56c5760
23 verbose url raw /genghisapp
24 verbose url resolving [ 'https://registry.npmjs.org/', './genghisapp' ]
25 verbose url resolved https://registry.npmjs.org/genghisapp
26 verbose request where is https://registry.npmjs.org/genghisapp
27 info trying registry request attempt 1 at 17:40:30
28 http GET https://registry.npmjs.org/genghisapp
29 http 404 https://registry.npmjs.org/genghisapp
30 verbose headers { server: 'CouchDB/1.5.0 (Erlang OTP/R16B03)',
30 verbose headers   'content-type': 'application/json',
30 verbose headers   'cache-control': 'max-age=0',
30 verbose headers   'content-length': '51',
30 verbose headers   'accept-ranges': 'bytes',
30 verbose headers   date: 'Tue, 19 May 2015 17:40:30 GMT',
30 verbose headers   via: '1.1 varnish',
30 verbose headers   age: '0',
30 verbose headers   connection: 'keep-alive',
30 verbose headers   'x-served-by': 'cache-iad2145-IAD',
30 verbose headers   'x-cache': 'MISS',
30 verbose headers   'x-cache-hits': '0',
30 verbose headers   'x-timer': 'S1432057230.598194,VS0,VE17' }
31 silly registry.get cb [ 404,
31 silly registry.get   { server: 'CouchDB/1.5.0 (Erlang OTP/R16B03)',
31 silly registry.get     'content-type': 'application/json',
31 silly registry.get     'cache-control': 'max-age=0',
31 silly registry.get     'content-length': '51',
31 silly registry.get     'accept-ranges': 'bytes',
31 silly registry.get     date: 'Tue, 19 May 2015 17:40:30 GMT',
31 silly registry.get     via: '1.1 varnish',
31 silly registry.get     age: '0',
31 silly registry.get     connection: 'keep-alive',
31 silly registry.get     'x-served-by': 'cache-iad2145-IAD',
31 silly registry.get     'x-cache': 'MISS',
31 silly registry.get     'x-cache-hits': '0',
31 silly registry.get     'x-timer': 'S1432057230.598194,VS0,VE17' } ]
32 silly lockFile 942a73d2-genghisapp genghisapp@
33 silly lockFile 942a73d2-genghisapp genghisapp@
34 error 404 404 Not Found: genghisapp
34 error 404
34 error 404 'genghisapp' is not in the npm registry.
34 error 404 You should bug the author to publish it
34 error 404
34 error 404 Note that you can also install from a
34 error 404 tarball, folder, or http url, or git url.
35 error System Linux 3.16.0-34-generic
36 error command "/home/codio/.nvm/v0.10.33/bin/node" "/home/codio/.nvm/v0.10.33/bin/npm" "install" "genghisapp"
37 error cwd /home/codio/workspace
38 error node -v v0.10.33
39 error npm -v 1.4.28
40 error code E404
41 verbose exit [ 1, true ]
